<?xml version="1.0" encoding="UTF-8" ?>
<testsuite failures="0" time="0.01" errors="0" skipped="0" tests="2" name="com.littlejoy.utils.io.CompressTest">
  <properties>
    <property name="java.runtime.name" value="Java(TM) SE Runtime Environment"/>
    <property name="sun.boot.library.path" value="/System/Library/Java/JavaVirtualMachines/1.6.0.jdk/Contents/Libraries"/>
    <property name="java.vm.version" value="17.1-b03-307"/>
    <property name="awt.nativeDoubleBuffering" value="true"/>
    <property name="gopherProxySet" value="false"/>
    <property name="mrj.build" value="10M3261"/>
    <property name="java.vm.vendor" value="Apple Inc."/>
    <property name="java.vendor.url" value="http://www.apple.com/"/>
    <property name="path.separator" value=":"/>
    <property name="java.vm.name" value="Java HotSpot(TM) 64-Bit Server VM"/>
    <property name="file.encoding.pkg" value="sun.io"/>
    <property name="user.country" value="US"/>
    <property name="sun.java.launcher" value="SUN_STANDARD"/>
    <property name="sun.os.patch.level" value="unknown"/>
    <property name="java.vm.specification.name" value="Java Virtual Machine Specification"/>
    <property name="user.dir" value="/Users/moody/Dropbox/merc/ljsj-utils"/>
    <property name="java.runtime.version" value="1.6.0_22-b04-307-10M3261"/>
    <property name="java.awt.graphicsenv" value="apple.awt.CGraphicsEnvironment"/>
    <property name="basedir" value="/Users/moody/Dropbox/merc/ljsj-utils"/>
    <property name="java.endorsed.dirs" value="/System/Library/Java/JavaVirtualMachines/1.6.0.jdk/Contents/Home/lib/endorsed"/>
    <property name="os.arch" value="x86_64"/>
    <property name="surefire.real.class.path" value="/var/folders/U0/U0VmPt+WHMKL7I-BBtYHEU+++TI/-Tmp-/surefirebooter6890615662531474044.jar"/>
    <property name="java.io.tmpdir" value="/var/folders/U0/U0VmPt+WHMKL7I-BBtYHEU+++TI/-Tmp-/"/>
    <property name="line.separator" value="
"/>
    <property name="java.vm.specification.vendor" value="Sun Microsystems Inc."/>
    <property name="os.name" value="Mac OS X"/>
    <property name="sun.jnu.encoding" value="MacRoman"/>
    <property name="java.library.path" value="/Applications/IntelliJ IDEA 9.0.3.app/Contents/Resources/Java:/System/Library/PrivateFrameworks/JavaApplicationLauncher.framework/Resources:.:/Library/Java/Extensions:/System/Library/Java/Extensions:/usr/lib/java"/>
    <property name="surefire.test.class.path" value="/Users/moody/Dropbox/merc/ljsj-utils/target/test-classes:/Users/moody/Dropbox/merc/ljsj-utils/target/classes:/Users/moody/.m2/repository/junit/junit/4.5/junit-4.5.jar:/Users/moody/.m2/repository/org/slf4j/slf4j-log4j12/1.5.3/slf4j-log4j12-1.5.3.jar:/Users/moody/.m2/repository/org/slf4j/slf4j-api/1.5.3/slf4j-api-1.5.3.jar:/Users/moody/.m2/repository/org/slf4j/jul-to-slf4j/1.5.3/jul-to-slf4j-1.5.3.jar:/Users/moody/.m2/repository/log4j/log4j/1.2.14/log4j-1.2.14.jar:"/>
    <property name="java.specification.name" value="Java Platform API Specification"/>
    <property name="java.class.version" value="50.0"/>
    <property name="sun.management.compiler" value="HotSpot 64-Bit Server Compiler"/>
    <property name="os.version" value="10.6.5"/>
    <property name="http.nonProxyHosts" value="local|*.local|169.254/16|*.169.254/16"/>
    <property name="user.home" value="/Users/moody"/>
    <property name="user.timezone" value="America/New_York"/>
    <property name="java.awt.printerjob" value="apple.awt.CPrinterJob"/>
    <property name="java.specification.version" value="1.6"/>
    <property name="file.encoding" value="MacRoman"/>
    <property name="user.name" value="moody"/>
    <property name="java.class.path" value="/Users/moody/Dropbox/merc/ljsj-utils/target/test-classes:/Users/moody/Dropbox/merc/ljsj-utils/target/classes:/Users/moody/.m2/repository/junit/junit/4.5/junit-4.5.jar:/Users/moody/.m2/repository/org/slf4j/slf4j-log4j12/1.5.3/slf4j-log4j12-1.5.3.jar:/Users/moody/.m2/repository/org/slf4j/slf4j-api/1.5.3/slf4j-api-1.5.3.jar:/Users/moody/.m2/repository/org/slf4j/jul-to-slf4j/1.5.3/jul-to-slf4j-1.5.3.jar:/Users/moody/.m2/repository/log4j/log4j/1.2.14/log4j-1.2.14.jar:"/>
    <property name="java.vm.specification.version" value="1.0"/>
    <property name="sun.arch.data.model" value="64"/>
    <property name="java.home" value="/System/Library/Java/JavaVirtualMachines/1.6.0.jdk/Contents/Home"/>
    <property name="java.specification.vendor" value="Sun Microsystems Inc."/>
    <property name="user.language" value="en"/>
    <property name="awt.toolkit" value="apple.awt.CToolkit"/>
    <property name="java.vm.info" value="mixed mode"/>
    <property name="java.version" value="1.6.0_22"/>
    <property name="java.ext.dirs" value="/Library/Java/Extensions:/System/Library/Java/Extensions:/System/Library/Java/JavaVirtualMachines/1.6.0.jdk/Contents/Home/lib/ext"/>
    <property name="sun.boot.class.path" value="/System/Library/Java/JavaVirtualMachines/1.6.0.jdk/Contents/Classes/jsfd.jar:/System/Library/Java/JavaVirtualMachines/1.6.0.jdk/Contents/Classes/classes.jar:/System/Library/Frameworks/JavaVM.framework/Frameworks/JavaRuntimeSupport.framework/Resources/Java/JavaRuntimeSupport.jar:/System/Library/Java/JavaVirtualMachines/1.6.0.jdk/Contents/Classes/ui.jar:/System/Library/Java/JavaVirtualMachines/1.6.0.jdk/Contents/Classes/laf.jar:/System/Library/Java/JavaVirtualMachines/1.6.0.jdk/Contents/Classes/sunrsasign.jar:/System/Library/Java/JavaVirtualMachines/1.6.0.jdk/Contents/Classes/jsse.jar:/System/Library/Java/JavaVirtualMachines/1.6.0.jdk/Contents/Classes/jce.jar:/System/Library/Java/JavaVirtualMachines/1.6.0.jdk/Contents/Classes/charsets.jar"/>
    <property name="java.vendor" value="Apple Inc."/>
    <property name="localRepository" value="/Users/moody/.m2/repository"/>
    <property name="file.separator" value="/"/>
    <property name="java.vendor.url.bug" value="http://bugreport.apple.com/"/>
    <property name="sun.cpu.endian" value="little"/>
    <property name="sun.io.unicode.encoding" value="UnicodeLittle"/>
    <property name="mrj.version" value="1060.1.6.0_22-307"/>
    <property name="socksNonProxyHosts" value="local|*.local|169.254/16|*.169.254/16"/>
    <property name="ftp.nonProxyHosts" value="local|*.local|169.254/16|*.169.254/16"/>
    <property name="sun.cpu.isalist" value=""/>
  </properties>
  <testcase time="0.004" classname="com.littlejoy.utils.io.CompressTest" name="testGzipFile"/>
  <testcase time="0.003" classname="com.littlejoy.utils.io.CompressTest" name="testZipDirectory"/>
</testsuite>